[debug] [2018-03-19T19:55:09.654Z] ----------------------------------------------------------------------
[debug] [2018-03-19T19:55:09.657Z] Command:       C:\Program Files\nodejs\node.exe C:\Users\tyler\AppData\Roaming\npm\node_modules\firebase-tools\bin\firebase deploy
[debug] [2018-03-19T19:55:09.657Z] CLI Version:   3.17.4
[debug] [2018-03-19T19:55:09.657Z] Platform:      win32
[debug] [2018-03-19T19:55:09.658Z] Node Version:  v9.4.0
[debug] [2018-03-19T19:55:09.658Z] Time:          Mon Mar 19 2018 14:55:09 GMT-0500 (Central Daylight Time)
[debug] [2018-03-19T19:55:09.658Z] ----------------------------------------------------------------------
[debug] 
[debug] [2018-03-19T19:55:09.670Z] > command requires scopes: ["email","openid","https://www.googleapis.com/auth/cloudplatformprojects.readonly","https://www.googleapis.com/auth/firebase","https://www.googleapis.com/auth/cloud-platform"]
[debug] [2018-03-19T19:55:09.671Z] > authorizing via signed-in user
[debug] [2018-03-19T19:55:09.673Z] >>> HTTP REQUEST GET https://admin.firebase.com/v1/projects/note-app-a28a3  
  
 Mon Mar 19 2018 14:55:09 GMT-0500 (Central Daylight Time)
[debug] [2018-03-19T19:55:10.033Z] <<< HTTP RESPONSE 200
[debug] [2018-03-19T19:55:10.037Z] >>> HTTP REQUEST GET https://admin.firebase.com/v1/database/note-app-a28a3/tokens  
  
 Mon Mar 19 2018 14:55:10 GMT-0500 (Central Daylight Time)
[debug] [2018-03-19T19:55:10.405Z] <<< HTTP RESPONSE 200
[info] 
[info] === Deploying to 'note-app-a28a3'...
[info] 
[info] i  deploying hosting
[info] i  hosting: preparing public directory for upload...
[debug] [2018-03-19T19:55:10.829Z] >>> HTTP REQUEST PUT https://deploy.firebase.com/v1/hosting/note-app-a28a3/uploads/-L7zp6ML_mcfX2pW4Hv2?fileCount=18&message=  
  
 Mon Mar 19 2018 14:55:10 GMT-0500 (Central Daylight Time)
[debug] [2018-03-19T19:55:12.554Z] <<< HTTP RESPONSE 200
[debug] [2018-03-19T19:55:12.554Z] [hosting] .tgz uploaded successfully, waiting for extraction
[info] +  hosting: 18 files uploaded successfully
[debug] [2018-03-19T19:55:13.375Z] >>> HTTP REQUEST POST https://deploy.firebase.com/v1/projects/note-app-a28a3/releases  
 { hosting: 
   { public: 'public',
     cleanUrls: 'true',
     ignore: [ 'firebase.json', '**/.*', '**/node_modules/**' ],
     version: '-L7zp6ML_mcfX2pW4Hv2',
     prefix: '-L7zp6ML_mcfX2pW4Hv2/',
     manifest: [] } } 
 Mon Mar 19 2018 14:55:13 GMT-0500 (Central Daylight Time)
[debug] [2018-03-19T19:55:14.288Z] <<< HTTP RESPONSE 200
[info] 
[info] +  Deploy complete!
[info] 
[info] Project Console: https://console.firebase.google.com/project/note-app-a28a3/overview
[info] Hosting URL: https://note-app-a28a3.firebaseapp.com
